C:\USERS\MATHIEU\SURVIVALOGL\FIRSTOGL_1.02\DEBUG\FIRSTOGL_1.02.EXE
C:\USERS\MATHIEU\SURVIVALOGL\FIRSTOGL_1.02\DEBUG\FIRSTOGL_1.02.PDB
C:\USERS\MATHIEU\SURVIVALOGL\FIRSTOGL_1.02\OGL_CUBE\DEBUG\CAMERA.OBJ
C:\Users\Mathieu\SurvivalOGL\FirstOGL_1.02\OGL_CUBE\Debug\cl.command.1.tlog
C:\Users\Mathieu\SurvivalOGL\FirstOGL_1.02\OGL_CUBE\Debug\CL.read.1.tlog
C:\Users\Mathieu\SurvivalOGL\FirstOGL_1.02\OGL_CUBE\Debug\CL.write.1.tlog
C:\USERS\MATHIEU\SURVIVALOGL\FIRSTOGL_1.02\OGL_CUBE\DEBUG\ENTITY.OBJ
C:\USERS\MATHIEU\SURVIVALOGL\FIRSTOGL_1.02\OGL_CUBE\DEBUG\FIRSTOGL_1.02.EXE.INTERMEDIATE.MANIFEST
C:\Users\Mathieu\SurvivalOGL\FirstOGL_1.02\OGL_CUBE\Debug\link.command.1.tlog
C:\Users\Mathieu\SurvivalOGL\FirstOGL_1.02\OGL_CUBE\Debug\link.read.1.tlog
C:\Users\Mathieu\SurvivalOGL\FirstOGL_1.02\OGL_CUBE\Debug\link.write.1.tlog
C:\USERS\MATHIEU\SURVIVALOGL\FIRSTOGL_1.02\OGL_CUBE\DEBUG\LODEPNG.OBJ
C:\USERS\MATHIEU\SURVIVALOGL\FIRSTOGL_1.02\OGL_CUBE\DEBUG\MAIN.OBJ
C:\USERS\MATHIEU\SURVIVALOGL\FIRSTOGL_1.02\OGL_CUBE\DEBUG\MAP.OBJ
C:\USERS\MATHIEU\SURVIVALOGL\FIRSTOGL_1.02\OGL_CUBE\DEBUG\MODEL.OBJ
C:\Users\Mathieu\SurvivalOGL\FirstOGL_1.02\OGL_CUBE\Debug\mt.command.1.tlog
C:\Users\Mathieu\SurvivalOGL\FirstOGL_1.02\OGL_CUBE\Debug\mt.read.1.tlog
C:\Users\Mathieu\SurvivalOGL\FirstOGL_1.02\OGL_CUBE\Debug\mt.write.1.tlog
C:\USERS\MATHIEU\SURVIVALOGL\FIRSTOGL_1.02\OGL_CUBE\DEBUG\SPOTLIGHT.OBJ
C:\Users\Mathieu\SurvivalOGL\FirstOGL_1.02\OGL_CUBE\Debug\vc100.idb
C:\USERS\MATHIEU\SURVIVALOGL\FIRSTOGL_1.02\OGL_CUBE\DEBUG\VC100.PDB
C:\USERS\MATHIEU\SURVIVALOGL\FIRSTOGL_1.02\OGL_CUBE\DEBUG\WORLD.OBJ
