C:\USERS\MATHIEU\DOCUMENTS\VISUAL STUDIO 2010\PROJECTS\FIRSTOGL_1.01\DEBUG\OGL_CUBE.EXE
C:\Users\Mathieu\Documents\Visual Studio 2010\Projects\FirstOGL_1.01\Debug\OGL_CUBE.pdb
C:\USERS\MATHIEU\DOCUMENTS\VISUAL STUDIO 2010\PROJECTS\FIRSTOGL_1.01\OGL_CUBE\DEBUG\CAMERA.OBJ
C:\Users\Mathieu\Documents\Visual Studio 2010\Projects\FirstOGL_1.01\OGL_CUBE\Debug\cl.command.1.tlog
C:\Users\Mathieu\Documents\Visual Studio 2010\Projects\FirstOGL_1.01\OGL_CUBE\Debug\CL.read.1.tlog
C:\Users\Mathieu\Documents\Visual Studio 2010\Projects\FirstOGL_1.01\OGL_CUBE\Debug\CL.write.1.tlog
C:\Users\Mathieu\Documents\Visual Studio 2010\Projects\FirstOGL_1.01\OGL_CUBE\Debug\link.command.1.tlog
C:\Users\Mathieu\Documents\Visual Studio 2010\Projects\FirstOGL_1.01\OGL_CUBE\Debug\link.read.1.tlog
C:\Users\Mathieu\Documents\Visual Studio 2010\Projects\FirstOGL_1.01\OGL_CUBE\Debug\link.write.1.tlog
C:\USERS\MATHIEU\DOCUMENTS\VISUAL STUDIO 2010\PROJECTS\FIRSTOGL_1.01\OGL_CUBE\DEBUG\LODEPNG.OBJ
C:\USERS\MATHIEU\DOCUMENTS\VISUAL STUDIO 2010\PROJECTS\FIRSTOGL_1.01\OGL_CUBE\DEBUG\MAIN.OBJ
C:\USERS\MATHIEU\DOCUMENTS\VISUAL STUDIO 2010\PROJECTS\FIRSTOGL_1.01\OGL_CUBE\DEBUG\MAP.OBJ
C:\Users\Mathieu\Documents\Visual Studio 2010\Projects\FirstOGL_1.01\OGL_CUBE\Debug\mt.command.1.tlog
C:\Users\Mathieu\Documents\Visual Studio 2010\Projects\FirstOGL_1.01\OGL_CUBE\Debug\mt.read.1.tlog
C:\Users\Mathieu\Documents\Visual Studio 2010\Projects\FirstOGL_1.01\OGL_CUBE\Debug\mt.write.1.tlog
C:\Users\Mathieu\Documents\Visual Studio 2010\Projects\FirstOGL_1.01\OGL_CUBE\Debug\OGL_CUBE.exe.intermediate.manifest
C:\Users\Mathieu\Documents\Visual Studio 2010\Projects\FirstOGL_1.01\OGL_CUBE\Debug\OGL_CUBE.vcxprojResolveAssemblyReference.cache
C:\Users\Mathieu\Documents\Visual Studio 2010\Projects\FirstOGL_1.01\OGL_CUBE\Debug\OGL_CUBE.write.1.tlog
C:\Users\Mathieu\Documents\Visual Studio 2010\Projects\FirstOGL_1.01\OGL_CUBE\Debug\vc100.idb
C:\USERS\MATHIEU\DOCUMENTS\VISUAL STUDIO 2010\PROJECTS\FIRSTOGL_1.01\OGL_CUBE\DEBUG\VC100.PDB
