C:\USERS\MATHIEU\DOCUMENTS\VISUAL STUDIO 2010\PROJECTS\FIRSTOGL_1.01\DEBUG\FIRSTOGL_1.01.EXE
C:\USERS\MATHIEU\DOCUMENTS\VISUAL STUDIO 2010\PROJECTS\FIRSTOGL_1.01\DEBUG\FIRSTOGL_1.01.PDB
C:\Users\Mathieu\Documents\Visual Studio 2010\Projects\FirstOGL_1.01\FirstOGL_1.01\Debug\cl.command.1.tlog
C:\Users\Mathieu\Documents\Visual Studio 2010\Projects\FirstOGL_1.01\FirstOGL_1.01\Debug\CL.read.1.tlog
C:\Users\Mathieu\Documents\Visual Studio 2010\Projects\FirstOGL_1.01\FirstOGL_1.01\Debug\CL.write.1.tlog
C:\Users\Mathieu\Documents\Visual Studio 2010\Projects\FirstOGL_1.01\FirstOGL_1.01\Debug\FirstOGL_1.01.exe.embed.manifest
C:\USERS\MATHIEU\DOCUMENTS\VISUAL STUDIO 2010\PROJECTS\FIRSTOGL_1.01\FIRSTOGL_1.01\DEBUG\FIRSTOGL_1.01.EXE.EMBED.MANIFEST.RES
C:\USERS\MATHIEU\DOCUMENTS\VISUAL STUDIO 2010\PROJECTS\FIRSTOGL_1.01\FIRSTOGL_1.01\DEBUG\FIRSTOGL_1.01.EXE.INTERMEDIATE.MANIFEST
C:\Users\Mathieu\Documents\Visual Studio 2010\Projects\FirstOGL_1.01\FirstOGL_1.01\Debug\FirstOGL_1.01.vcxprojResolveAssemblyReference.cache
C:\Users\Mathieu\Documents\Visual Studio 2010\Projects\FirstOGL_1.01\FirstOGL_1.01\Debug\FirstOGL_1.01.write.1.tlog
C:\Users\Mathieu\Documents\Visual Studio 2010\Projects\FirstOGL_1.01\FirstOGL_1.01\Debug\FirstOGL_1.01_manifest.rc
C:\Users\Mathieu\Documents\Visual Studio 2010\Projects\FirstOGL_1.01\FirstOGL_1.01\Debug\link.command.1.tlog
C:\Users\Mathieu\Documents\Visual Studio 2010\Projects\FirstOGL_1.01\FirstOGL_1.01\Debug\link.read.1.tlog
C:\Users\Mathieu\Documents\Visual Studio 2010\Projects\FirstOGL_1.01\FirstOGL_1.01\Debug\link.write.1.tlog
C:\USERS\MATHIEU\DOCUMENTS\VISUAL STUDIO 2010\PROJECTS\FIRSTOGL_1.01\FIRSTOGL_1.01\DEBUG\MAIN.OBJ
C:\USERS\MATHIEU\DOCUMENTS\VISUAL STUDIO 2010\PROJECTS\FIRSTOGL_1.01\FIRSTOGL_1.01\DEBUG\MGSTREAMSHADER.OBJ
C:\Users\Mathieu\Documents\Visual Studio 2010\Projects\FirstOGL_1.01\FirstOGL_1.01\Debug\mt.command.1.tlog
C:\Users\Mathieu\Documents\Visual Studio 2010\Projects\FirstOGL_1.01\FirstOGL_1.01\Debug\mt.read.1.tlog
C:\Users\Mathieu\Documents\Visual Studio 2010\Projects\FirstOGL_1.01\FirstOGL_1.01\Debug\mt.write.1.tlog
C:\USERS\MATHIEU\DOCUMENTS\VISUAL STUDIO 2010\PROJECTS\FIRSTOGL_1.01\FIRSTOGL_1.01\DEBUG\MY_APPLICATION.OBJ
C:\Users\Mathieu\Documents\Visual Studio 2010\Projects\FirstOGL_1.01\FirstOGL_1.01\Debug\rc.command.1.tlog
C:\Users\Mathieu\Documents\Visual Studio 2010\Projects\FirstOGL_1.01\FirstOGL_1.01\Debug\rc.read.1.tlog
C:\Users\Mathieu\Documents\Visual Studio 2010\Projects\FirstOGL_1.01\FirstOGL_1.01\Debug\rc.write.1.tlog
C:\Users\Mathieu\Documents\Visual Studio 2010\Projects\FirstOGL_1.01\FirstOGL_1.01\Debug\vc100.idb
C:\USERS\MATHIEU\DOCUMENTS\VISUAL STUDIO 2010\PROJECTS\FIRSTOGL_1.01\FIRSTOGL_1.01\DEBUG\VC100.PDB
