La génération a démarré 2014-11-19 17:13:27.
     1>Projet "C:\Users\Mathieu\Documents\Visual Studio 2010\Projects\FirstOGL_1.01\FirstOGL_1.01\FirstOGL_1.01.vcxproj" sur le nœud 3 (build cible(s)).
     1>InitializeBuildStatus:
         Création de "Debug\FirstOGL_1.01.unsuccessfulbuild", car "AlwaysCreate" a été spécifié.
       ClCompile:
         C:\Program Files (x86)\Microsoft Visual Studio 10.0\VC\bin\CL.exe /c /I"C:\Users\Mathieu\Documents\Visual Studio 2010\Projects\FirstOGL_1.01\include" /I"C:\Users\Mathieu\Documents\Visual Studio 2010\Projects\FirstOGL_1.01\extern\glfw-2.7.6\include" /ZI /nologo /W3 /WX- /Od /Oy- /D WIN32 /D _DEBUG /D _CONSOLE /D _UNICODE /D UNICODE /Gm /EHsc /RTC1 /MDd /GS /fp:precise /Zc:wchar_t /Zc:forScope /Fo"Debug\\" /Fd"Debug\vc100.pdb" /Gd /TP /analyze- /errorReport:prompt MGStreamShader.cpp my_application.cpp
         MGStreamShader.cpp
         Génération de code en cours...
         Compilation en cours...
         my_application.cpp
         Génération de code en cours...
       Link:
         C:\Program Files (x86)\Microsoft Visual Studio 10.0\VC\bin\link.exe /ERRORREPORT:PROMPT /OUT:"C:\Users\Mathieu\Documents\Visual Studio 2010\Projects\FirstOGL_1.01\Debug\FirstOGL_1.01.exe" /INCREMENTAL:NO /NOLOGO /LIBPATH:"C:\Users\Mathieu\Documents\Visual Studio 2010\Projects\FirstOGL_1.01\lib" kernel32.lib user32.lib gdi32.lib winspool.lib comdlg32.lib advapi32.lib shell32.lib ole32.lib oleaut32.lib uuid.lib odbc32.lib odbccp32.lib kernel32.lib user32.lib gdi32.lib winspool.lib comdlg32.lib advapi32.lib shell32.lib ole32.lib oleaut32.lib uuid.lib odbc32.lib odbccp32.lib /MANIFEST /ManifestFile:"Debug\FirstOGL_1.01.exe.intermediate.manifest" /MANIFESTUAC:"level='asInvoker' uiAccess='false'" /DEBUG /PDB:"C:\Users\Mathieu\Documents\Visual Studio 2010\Projects\FirstOGL_1.01\Debug\FirstOGL_1.01.pdb" /TLBID:1 /DYNAMICBASE /NXCOMPAT /IMPLIB:"C:\Users\Mathieu\Documents\Visual Studio 2010\Projects\FirstOGL_1.01\Debug\FirstOGL_1.01.lib" /MACHINE:X86 Debug\MGStreamShader.obj
         Debug\my_application.obj
     1>MGStreamShader.obj : warning LNK4075: ' /EDITANDCONTINUE' ignoré à cause de la spécification '/INCREMENTAL:NO'
     1>GLFW_d32.lib(enable.obj) : warning LNK4099: PDB 'vc100.pdb' n'a pu être trouvé avec 'GLFW_d32.lib(enable.obj)' ou sur 'C:\Users\Mathieu\Documents\Visual Studio 2010\Projects\FirstOGL_1.01\Debug\vc100.pdb' ; l'objet sera lié sans informations de débogage
     1>GLFW_d32.lib(fullscreen.obj) : warning LNK4099: PDB 'vc100.pdb' n'a pu être trouvé avec 'GLFW_d32.lib(fullscreen.obj)' ou sur 'C:\Users\Mathieu\Documents\Visual Studio 2010\Projects\FirstOGL_1.01\Debug\vc100.pdb' ; l'objet sera lié sans informations de débogage
     1>GLFW_d32.lib(glext.obj) : warning LNK4099: PDB 'vc100.pdb' n'a pu être trouvé avec 'GLFW_d32.lib(glext.obj)' ou sur 'C:\Users\Mathieu\Documents\Visual Studio 2010\Projects\FirstOGL_1.01\Debug\vc100.pdb' ; l'objet sera lié sans informations de débogage
     1>GLFW_d32.lib(init.obj) : warning LNK4099: PDB 'vc100.pdb' n'a pu être trouvé avec 'GLFW_d32.lib(init.obj)' ou sur 'C:\Users\Mathieu\Documents\Visual Studio 2010\Projects\FirstOGL_1.01\Debug\vc100.pdb' ; l'objet sera lié sans informations de débogage
     1>GLFW_d32.lib(input.obj) : warning LNK4099: PDB 'vc100.pdb' n'a pu être trouvé avec 'GLFW_d32.lib(input.obj)' ou sur 'C:\Users\Mathieu\Documents\Visual Studio 2010\Projects\FirstOGL_1.01\Debug\vc100.pdb' ; l'objet sera lié sans informations de débogage
     1>GLFW_d32.lib(time.obj) : warning LNK4099: PDB 'vc100.pdb' n'a pu être trouvé avec 'GLFW_d32.lib(time.obj)' ou sur 'C:\Users\Mathieu\Documents\Visual Studio 2010\Projects\FirstOGL_1.01\Debug\vc100.pdb' ; l'objet sera lié sans informations de débogage
     1>GLFW_d32.lib(win32_enable.obj) : warning LNK4099: PDB 'vc100.pdb' n'a pu être trouvé avec 'GLFW_d32.lib(win32_enable.obj)' ou sur 'C:\Users\Mathieu\Documents\Visual Studio 2010\Projects\FirstOGL_1.01\Debug\vc100.pdb' ; l'objet sera lié sans informations de débogage
     1>GLFW_d32.lib(win32_fullscreen.obj) : warning LNK4099: PDB 'vc100.pdb' n'a pu être trouvé avec 'GLFW_d32.lib(win32_fullscreen.obj)' ou sur 'C:\Users\Mathieu\Documents\Visual Studio 2010\Projects\FirstOGL_1.01\Debug\vc100.pdb' ; l'objet sera lié sans informations de débogage
     1>GLFW_d32.lib(win32_glext.obj) : warning LNK4099: PDB 'vc100.pdb' n'a pu être trouvé avec 'GLFW_d32.lib(win32_glext.obj)' ou sur 'C:\Users\Mathieu\Documents\Visual Studio 2010\Projects\FirstOGL_1.01\Debug\vc100.pdb' ; l'objet sera lié sans informations de débogage
     1>GLFW_d32.lib(win32_init.obj) : warning LNK4099: PDB 'vc100.pdb' n'a pu être trouvé avec 'GLFW_d32.lib(win32_init.obj)' ou sur 'C:\Users\Mathieu\Documents\Visual Studio 2010\Projects\FirstOGL_1.01\Debug\vc100.pdb' ; l'objet sera lié sans informations de débogage
     1>GLFW_d32.lib(win32_time.obj) : warning LNK4099: PDB 'vc100.pdb' n'a pu être trouvé avec 'GLFW_d32.lib(win32_time.obj)' ou sur 'C:\Users\Mathieu\Documents\Visual Studio 2010\Projects\FirstOGL_1.01\Debug\vc100.pdb' ; l'objet sera lié sans informations de débogage
     1>GLFW_d32.lib(win32_window.obj) : warning LNK4099: PDB 'vc100.pdb' n'a pu être trouvé avec 'GLFW_d32.lib(win32_window.obj)' ou sur 'C:\Users\Mathieu\Documents\Visual Studio 2010\Projects\FirstOGL_1.01\Debug\vc100.pdb' ; l'objet sera lié sans informations de débogage
     1>GLFW_d32.lib(window.obj) : warning LNK4099: PDB 'vc100.pdb' n'a pu être trouvé avec 'GLFW_d32.lib(window.obj)' ou sur 'C:\Users\Mathieu\Documents\Visual Studio 2010\Projects\FirstOGL_1.01\Debug\vc100.pdb' ; l'objet sera lié sans informations de débogage
         FirstOGL_1.01.vcxproj -> C:\Users\Mathieu\Documents\Visual Studio 2010\Projects\FirstOGL_1.01\Debug\FirstOGL_1.01.exe
       Manifest:
         C:\Program Files (x86)\Microsoft SDKs\Windows\v7.0A\bin\mt.exe /nologo /verbose /outputresource:"C:\Users\Mathieu\Documents\Visual Studio 2010\Projects\FirstOGL_1.01\Debug\FirstOGL_1.01.exe;#1" /manifest Debug\FirstOGL_1.01.exe.intermediate.manifest
       FinalizeBuildStatus:
         Suppression du fichier "Debug\FirstOGL_1.01.unsuccessfulbuild".
         Mise à jour de l'horodatage "Debug\FirstOGL_1.01.lastbuildstate".
     1>Génération du projet "C:\Users\Mathieu\Documents\Visual Studio 2010\Projects\FirstOGL_1.01\FirstOGL_1.01\FirstOGL_1.01.vcxproj" terminée (build cible(s)).

La génération a réussi.

Temps écoulé 00:00:05.28
